[INFO ] 2021-04-07 11:43:33.039 [main] InputTakenEvenSum - Sum Of Even Numbers between 1 And 100 is: 2550

[INFO ] 2021-04-07 11:43:39.987 [main] InputTakenOddSum - Sum Of Odd Numbers between 1 And 100 is: 2500

[INFO ] 2021-04-07 11:43:50.043 [main] InputTakenSeriesSum - Sum Of Series Numbers between 1 And 10 Where Value Of Interval Is 2 : 25

[INFO ] 2021-04-07 11:44:03.042 [main] InputTakenEvenSum - Sum Of Even Numbers between 1 And 50 is: 650

[INFO ] 2021-04-07 12:11:05.144 [main] InputTakenEvenSum - Sum Of  Numbers is: 4

[INFO ] 2021-04-07 12:28:44.176 [main] InputTakenEvenSum - Sum Of Even Numbers between 1 And 100 is: 2550

[INFO ] 2021-04-07 12:36:51.483 [main] InputTakenEvenSum - Sum Of  Numbers is: 35

[INFO ] 2021-04-07 12:37:05.200 [main] InputTakenEvenSum - Sum Of Even Numbers between 2 And 100 is: 2550

[INFO ] 2021-04-07 12:37:44.781 [main] InputTakenEvenSum - Sum Of  Numbers is: 22

[INFO ] 2021-04-07 12:38:00.976 [main] InputTakenEvenSum - Sum Of Even Numbers between 1 And 100 is: 2550

[INFO ] 2021-04-07 12:56:43.890 [main] InputTakenEvenSum - Sum Of Even Numbers between 1 And 100 is: 2550

[INFO ] 2021-04-07 12:57:46.098 [main] InputTakenEvenSum - Sum Of Even Numbers between 1 And 100 is: 2550

[INFO ] 2021-04-07 13:00:01.608 [main] InputTakenEvenSum - Sum Of  Numbers is: 7

[INFO ] 2021-04-07 13:21:30.469 [main] InputTakenSubtract - Subtraction value  between 5 And 2 is: 3

[INFO ] 2021-04-07 13:44:18.226 [main] InputTakenDivision - Division value between 8 And 2 is: 4

[INFO ] 2021-04-07 13:44:33.862 [main] InputTakenMultiplication - Multiplication value between 5 And 2 is: 10

[INFO ] 2021-04-07 13:45:33.477 [main] InputTakenEvenSum - Sum Of  Numbers is: 10

[INFO ] 2021-04-07 14:01:40.793 [main] InputTakenMultiplication - Multiplication value is: 0

[INFO ] 2021-04-07 14:04:15.304 [main] InputTakenMultiplication - Multiplication value is: 0

[INFO ] 2021-04-07 14:06:19.302 [main] InputTakenMultiplication - Multiplication value is: 0

[INFO ] 2021-04-07 14:12:42.692 [main] InputTakenMultiplication - Multiplication value is: 10

[INFO ] 2021-04-07 14:13:22.063 [main] InputTakenMultiplication - Multiplication value is: 6

[INFO ] 2021-04-07 14:15:45.314 [main] InputTakenMultiplication - Multiplication value is: 18

[INFO ] 2021-04-07 16:41:57.144 [main] InputTakenEvenSum - Sum Of Even Numbers between 1 And 100 is: 2550

[INFO ] 2021-04-07 16:42:08.724 [main] InputTakenOddSum - Sum Of Odd Numbers between 1 And 100 is: 2500

[INFO ] 2021-04-07 16:42:28.260 [main] InputTakenSeriesSum - Sum Of Series Numbers between 1 And 5 Where Value Of Interval Is 2 : 9

[INFO ] 2021-04-07 16:43:00.027 [main] InputTakenEvenSum - Sum Of  Numbers is: 7

[INFO ] 2021-04-07 16:43:19.884 [main] InputTakenSubtract - Subtraction value  between 8 And 3 is: 5

[INFO ] 2021-04-07 16:43:39.211 [main] InputTakenDivision - Division value between 8 And 5 is: 1

[INFO ] 2021-04-07 16:44:07.530 [main] InputTakenMultiplication - Multiplication value is: 18

[INFO ] 2021-04-07 16:44:35.522 [main] InputTakenEvenSum - Sum Of Even Numbers between 1 And 10 is: 30

[INFO ] 2021-04-08 11:27:37.274 [main] InputTakenEvenSum - Sum Of Even Numbers between 1 And 100 is: 2550

